Removed Pin From Net: NetName=GND Pin=S1-3
Removed Pin From Net: NetName=TXCAN1 Pin=S1-4
Removed Pin From Net: NetName=PWM1_OUT6 Pin=S1-5
Removed Pin From Net: NetName=SCL0 Pin=S1-6
Removed Pin From Net: NetName=SDA0 Pin=S1-7
Removed Pin From Net: NetName=Silent Pin=S1-8
Removed Pin From Net: NetName=RXCAN1 Pin=S1-12
Removed Pin From Net: NetName=3V3 Pin=S1-16
Removed Pin From Net: NetName=PWM1 Pin=S1-18
Removed Pin From Net: NetName=PWM2 Pin=S1-19
Removed Pin From Net: NetName=PWM3 Pin=S1-20
Removed Pin From Net: NetName=PWM4 Pin=S1-21
Removed Pin From Net: NetName=PWM1_OUT7 Pin=S1-23
Removed Pin From Net: NetName=PWM5 Pin=S1-24
Removed Pin From Net: NetName=+5 Pin=S1-26
Removed Pin From Net: NetName=GND Pin=S1-28
Removed Pin From Net: NetName=VIN Pin=S1-29
Removed Member From Class: ClassName=STM32f042_schematic Member=S1
Added Component: Designator=S?(Arduino nano)
Added Pin To Net: NetName=GND Pin=S?-3
Added Pin To Net: NetName=TXCAN1 Pin=S?-4
Added Pin To Net: NetName=PWM1_OUT6 Pin=S?-5
Added Pin To Net: NetName=SCL0 Pin=S?-6
Added Pin To Net: NetName=SDA0 Pin=S?-7
Added Pin To Net: NetName=Silent Pin=S?-8
Added Pin To Net: NetName=RXCAN1 Pin=S?-12
Added Pin To Net: NetName=3V3 Pin=S?-16
Added Pin To Net: NetName=PWM1 Pin=S?-18
Added Pin To Net: NetName=PWM2 Pin=S?-19
Added Pin To Net: NetName=PWM3 Pin=S?-20
Added Pin To Net: NetName=PWM4 Pin=S?-21
Added Pin To Net: NetName=PWM1_OUT7 Pin=S?-23
Added Pin To Net: NetName=PWM5 Pin=S?-24
Added Pin To Net: NetName=+5 Pin=S?-26
Added Pin To Net: NetName=GND Pin=S?-28
Added Pin To Net: NetName=VIN Pin=S?-29
Added Member To Class: ClassName=STM32f042_schematic Member=Component S? ArduinoNano
