Change Net Name : Old Net Name=NetC6_1 New Net Name=VIN
Change Net Name : Old Net Name=NetD1_2 New Net Name=PWM1_OUT4
Change Net Name : Old Net Name=NetD3_2 New Net Name=PWM1_OUT5
Change Net Name : Old Net Name=NetJ1_2 New Net Name=PWM1_OUT1
Change Net Name : Old Net Name=NetJ1_3 New Net Name=PWM1_OUT2
Change Net Name : Old Net Name=NetJ1_4 New Net Name=PWM1_OUT3
Change Net Name : Old Net Name=NetJ2_1 New Net Name=PWM7
Change Net Name : Old Net Name=NetJ2_9 New Net Name=PWM6
Change Net Name : Old Net Name=NetJ2_12 New Net Name=CANL
Change Net Name : Old Net Name=NetJ2_13 New Net Name=CANH
Change Net Name : Old Net Name=NetP1_1 New Net Name=PWM1
Change Net Name : Old Net Name=NetP1_2 New Net Name=PWM2
Change Net Name : Old Net Name=NetP1_3 New Net Name=PWM3
Change Net Name : Old Net Name=NetP1_4 New Net Name=PWM4
Change Net Name : Old Net Name=NetP2_1 New Net Name=TXCAN1
Change Net Name : Old Net Name=NetP2_2 New Net Name=RXCAN1
Change Net Name : Old Net Name=NetP4_1 New Net Name=SCL0
Change Net Name : Old Net Name=NetP4_2 New Net Name=SDA0
Change Net Name : Old Net Name=NetR3_1 New Net Name=Silent
Change Net Name : Old Net Name=NetR4_1 New Net Name=PWM1_OUT7
Change Net Name : Old Net Name=NetR5_1 New Net Name=PWM1_OUT6
Change Net Name : Old Net Name=NetS1_24 New Net Name=PWM5
