Change Component Designator: OldDesignator=C? NewDesignator=C4
Change Component Designator: OldDesignator=C? NewDesignator=C5
Change Component Designator: OldDesignator=C? NewDesignator=C6
Change Component Designator: OldDesignator=C? NewDesignator=C7
Change Component Designator: OldDesignator=D? NewDesignator=D1
Change Component Designator: OldDesignator=D? NewDesignator=D2
Change Component Designator: OldDesignator=D? NewDesignator=D3
Change Component Designator: OldDesignator=L? NewDesignator=L1
Change Component Designator: OldDesignator=P? NewDesignator=P4
Change Component Designator: OldDesignator=PTC? NewDesignator=PTC1
Change Component Designator: OldDesignator=R? NewDesignator=R6
Change Component Designator: OldDesignator=R? NewDesignator=R7
Change Component Designator: OldDesignator=U? NewDesignator=U3
Change Component Designator: OldDesignator=Z? NewDesignator=Z1
Change Net Name : Old Net Name=NetD?_1 New Net Name=NetD2_1
Change Net Name : Old Net Name=NetD?_2 New Net Name=NetD1_2
Change Net Name : Old Net Name=NetP?_1 New Net Name=NetP4_1
Change Net Name : Old Net Name=NetP?_2 New Net Name=NetP4_2
Added Pin To Net: NetName=NetD1_1 Pin=D1-1
Added Pin To Net: NetName=NetD1_1 Pin=R6-2
Added Net: Name=NetD1_1
Added Pin To Net: NetName=NetD2_2 Pin=D2-2
Added Pin To Net: NetName=NetD2_2 Pin=PTC1-1
Added Net: Name=NetD2_2
Added Pin To Net: NetName=NetD3_1 Pin=D3-1
Added Pin To Net: NetName=NetD3_1 Pin=R7-2
Added Net: Name=NetD3_1
Added Pin To Net: NetName=NetD3_2 Pin=D3-2
Added Pin To Net: NetName=NetD3_2 Pin=J2-2
Added Pin To Net: NetName=NetD3_2 Pin=U1-12
Added Net: Name=NetD3_2
Added Member To Class: ClassName=STM32f042_schematic Member=Component C5 220uF
Added Member To Class: ClassName=STM32f042_schematic Member=Component C6 220uF
Added Member To Class: ClassName=STM32f042_schematic Member=Component C7 0.1uF
Added Member To Class: ClassName=STM32f042_schematic Member=Component D1 Green
Added Member To Class: ClassName=STM32f042_schematic Member=Component D3 Red
Added Member To Class: ClassName=STM32f042_schematic Member=Component R6 470
