Added Component: Designator=C1(CAPR5-4X5)
Add component (AddParameter): Name = "Alternative"; Value = "Acceptable"; VariantName = "[No Variations]"
Add component (AddParameter): Name = "Manufacturer"; Value = "TDK Corporation"; VariantName = "[No Variations]"
Add component (AddParameter): Name = "PartNumber"; Value = "FA28X7R1H104KNU00"; VariantName = "[No Variations]"
Add component (AddParameter): Name = "Supplier 1"; Value = "Digi-Key"; VariantName = "[No Variations]"
Add component (AddParameter): Name = "Supplier Part Number 1"; Value = "445-175529-ND"; VariantName = "[No Variations]"
Added Component: Designator=C2(CAPR5-4X5)
Add component (AddParameter): Name = "Alternative"; Value = "Acceptable"; VariantName = "[No Variations]"
Add component (AddParameter): Name = "Manufacturer"; Value = "TDK Corporation"; VariantName = "[No Variations]"
Add component (AddParameter): Name = "PartNumber"; Value = "FA28X7R1H104KNU00"; VariantName = "[No Variations]"
Add component (AddParameter): Name = "Supplier 1"; Value = "Digi-Key"; VariantName = "[No Variations]"
Add component (AddParameter): Name = "Supplier Part Number 1"; Value = "445-175529-ND"; VariantName = "[No Variations]"
Added Component: Designator=C3(CAPR5-4X5)
Add component (AddParameter): Name = "Alternative"; Value = "Acceptable"; VariantName = "[No Variations]"
Add component (AddParameter): Name = "Manufacturer"; Value = "TDK Corporation"; VariantName = "[No Variations]"
Add component (AddParameter): Name = "PartNumber"; Value = "FA28X7R1H104KNU00"; VariantName = "[No Variations]"
Add component (AddParameter): Name = "Supplier 1"; Value = "Digi-Key"; VariantName = "[No Variations]"
Add component (AddParameter): Name = "Supplier Part Number 1"; Value = "445-175529-ND"; VariantName = "[No Variations]"
Added Component: Designator=C4(CAPR5-4X5)
Add component (AddParameter): Name = "Manufacturer"; Value = "Vishay BC Components"; VariantName = "[No Variations]"
Add component (AddParameter): Name = "PartNumber"; Value = "K104K20X7RH53H5"; VariantName = "[No Variations]"
Add component (AddParameter): Name = "Supplier 1"; Value = "Digi-Key"; VariantName = "[No Variations]"
Add component (AddParameter): Name = "Supplier Part Number 1"; Value = "BC5139-ND"; VariantName = "[No Variations]"
Added Component: Designator=C5(Elec. Cap 5 x 10mm)
Add component (AddParameter): Name = "Manufacturer"; Value = "EPCOS (TDK)"; VariantName = "[No Variations]"
Add component (AddParameter): Name = "PartNumber"; Value = "B41858C6227M000"; VariantName = "[No Variations]"
Add component (AddParameter): Name = "Supplier 1"; Value = "Digi-Key"; VariantName = "[No Variations]"
Add component (AddParameter): Name = "Supplier Part Number 1"; Value = "495-6000-ND"; VariantName = "[No Variations]"
Added Component: Designator=C6(Elec. Cap 5 x 10mm)
Add component (AddParameter): Name = "Manufacturer"; Value = "EPCOS (TDK)"; VariantName = "[No Variations]"
Add component (AddParameter): Name = "PartNumber"; Value = "B41858C6227M000"; VariantName = "[No Variations]"
Add component (AddParameter): Name = "Supplier 1"; Value = "Digi-Key"; VariantName = "[No Variations]"
Add component (AddParameter): Name = "Supplier Part Number 1"; Value = "495-6000-ND"; VariantName = "[No Variations]"
Added Component: Designator=C7(CAPR5-4X5)
Add component (AddParameter): Name = "Manufacturer"; Value = "Vishay BC Components"; VariantName = "[No Variations]"
Add component (AddParameter): Name = "PartNumber"; Value = "K104K20X7RH53H5"; VariantName = "[No Variations]"
Add component (AddParameter): Name = "Supplier 1"; Value = "Digi-Key"; VariantName = "[No Variations]"
Add component (AddParameter): Name = "Supplier Part Number 1"; Value = "BC5139-ND"; VariantName = "[No Variations]"
Added Component: Designator=D1(5mm Rad LED)
Add component (AddParameter): Name = "Alternative"; Value = ""; VariantName = "[No Variations]"
Add component (AddParameter): Name = "Manufacturer"; Value = "Lite-On Inc."; VariantName = "[No Variations]"
Add component (AddParameter): Name = "PartNumber"; Value = "LTL-4233"; VariantName = "[No Variations]"
Add component (AddParameter): Name = "Supplier 1"; Value = "Digi-Key"; VariantName = "[No Variations]"
Add component (AddParameter): Name = "Supplier Part Number 1"; Value = "160-1130-ND"; VariantName = "[No Variations]"
Added Component: Designator=D2(DO-41)
Add component (AddParameter): Name = "Manufacturer"; Value = "STMicroelectronics"; VariantName = "[No Variations]"
Add component (AddParameter): Name = "PartNumber"; Value = "STPS2150"; VariantName = "[No Variations]"
Add component (AddParameter): Name = "Supplier 1"; Value = "Digi-Key"; VariantName = "[No Variations]"
Add component (AddParameter): Name = "Supplier Part Number 1"; Value = "497-3213-1-ND"; VariantName = "[No Variations]"
Added Component: Designator=D3(5mm Rad LED)
Add component (AddParameter): Name = "Alternative"; Value = ""; VariantName = "[No Variations]"
Add component (AddParameter): Name = "Manufacturer"; Value = "Lite-On Inc."; VariantName = "[No Variations]"
Add component (AddParameter): Name = "PartNumber"; Value = "LTL-4223"; VariantName = "[No Variations]"
Add component (AddParameter): Name = "Supplier 1"; Value = "Digi-Key"; VariantName = "[No Variations]"
Add component (AddParameter): Name = "Supplier Part Number 1"; Value = "160-1127-ND"; VariantName = "[No Variations]"
Added Component: Designator=J1(5 POS MINI-FIT JR R/A Header)
Add component (AddParameter): Name = "Manufacturer"; Value = "Molex"; VariantName = "[No Variations]"
Add component (AddParameter): Name = "PartNumber"; Value = "39-30-3055"; VariantName = "[No Variations]"
Add component (AddParameter): Name = "Supplier 1"; Value = "Digi-Key"; VariantName = "[No Variations]"
Add component (AddParameter): Name = "Supplier Part Number 1"; Value = "WM18448-ND"; VariantName = "[No Variations]"
Added Component: Designator=J2(DB15)
Add component (AddParameter): Name = "Manufacturer"; Value = "Amphenol FCI"; VariantName = "[No Variations]"
Add component (AddParameter): Name = "PartNumber"; Value = "D15S33E4GX00LF"; VariantName = "[No Variations]"
Add component (AddParameter): Name = "Supplier 1"; Value = "Digi-Key"; VariantName = "[No Variations]"
Add component (AddParameter): Name = "Supplier Part Number 1"; Value = "609-1499-ND"; VariantName = "[No Variations]"
Added Component: Designator=L1(AXIAL-0.9)
Add component (AddParameter): Name = "Manufacturer"; Value = "TDK Electronics Inc."; VariantName = "[No Variations]"
Add component (AddParameter): Name = "PartNumber"; Value = "B82134A5701M000"; VariantName = "[No Variations]"
Add component (AddParameter): Name = "Supplier 1"; Value = "Digi-Key"; VariantName = "[No Variations]"
Add component (AddParameter): Name = "Supplier Part Number 1"; Value = "495-76036-1-ND"; VariantName = "[No Variations]"
Added Component: Designator=P1(HDR1X6)
Add component (AddParameter): Name = "LatestRevisionDate"; Value = "17-Jul-2002"; VariantName = "[No Variations]"
Add component (AddParameter): Name = "LatestRevisionNote"; Value = "Re-released for DXP Platform."; VariantName = "[No Variations]"
Add component (AddParameter): Name = "Publisher"; Value = "Altium Limited"; VariantName = "[No Variations]"
Added Component: Designator=P2(HDR1X2)
Add component (AddParameter): Name = "LatestRevisionDate"; Value = "17-Jul-2002"; VariantName = "[No Variations]"
Add component (AddParameter): Name = "LatestRevisionNote"; Value = "Re-released for DXP Platform."; VariantName = "[No Variations]"
Add component (AddParameter): Name = "Publisher"; Value = "Altium Limited"; VariantName = "[No Variations]"
Added Component: Designator=P3(HDR1X2)
Add component (AddParameter): Name = "LatestRevisionDate"; Value = "17-Jul-2002"; VariantName = "[No Variations]"
Add component (AddParameter): Name = "LatestRevisionNote"; Value = "Re-released for DXP Platform."; VariantName = "[No Variations]"
Add component (AddParameter): Name = "Publisher"; Value = "Altium Limited"; VariantName = "[No Variations]"
Added Component: Designator=P4(HDR1X2)
Add component (AddParameter): Name = "LatestRevisionDate"; Value = "17-Jul-2002"; VariantName = "[No Variations]"
Add component (AddParameter): Name = "LatestRevisionNote"; Value = "Re-released for DXP Platform."; VariantName = "[No Variations]"
Add component (AddParameter): Name = "Publisher"; Value = "Altium Limited"; VariantName = "[No Variations]"
Added Component: Designator=PTC1(PTC)
Add component (AddParameter): Name = "Manufacturer"; Value = "Littelfuse Inc."; VariantName = "[No Variations]"
Add component (AddParameter): Name = "PartNumber"; Value = "RKEF075"; VariantName = "[No Variations]"
Add component (AddParameter): Name = "Supplier 1"; Value = "Digi-Key"; VariantName = "[No Variations]"
Add component (AddParameter): Name = "Supplier Part Number 1"; Value = "RKEF075HF-ND"; VariantName = "[No Variations]"
Added Component: Designator=R1(AXIAL-0.4)
Add component (AddParameter): Name = "Alternative"; Value = "Acceptable"; VariantName = "[No Variations]"
Add component (AddParameter): Name = "Manufacturer"; Value = "Stackpole Electronics Inc"; VariantName = "[No Variations]"
Add component (AddParameter): Name = "PartNumber"; Value = "CF14JT4K70"; VariantName = "[No Variations]"
Add component (AddParameter): Name = "Supplier 1"; Value = "Digi-Key"; VariantName = "[No Variations]"
Add component (AddParameter): Name = "Supplier Part Number 1"; Value = "CF14JT4K70CT-ND"; VariantName = "[No Variations]"
Added Component: Designator=R2(AXIAL-0.4)
Add component (AddParameter): Name = "Alternative"; Value = "Acceptable"; VariantName = "[No Variations]"
Add component (AddParameter): Name = "Manufacturer"; Value = "Stackpole Electronics Inc"; VariantName = "[No Variations]"
Add component (AddParameter): Name = "PartNumber"; Value = "CF14JT4K70"; VariantName = "[No Variations]"
Add component (AddParameter): Name = "Supplier 1"; Value = "Digi-Key"; VariantName = "[No Variations]"
Add component (AddParameter): Name = "Supplier Part Number 1"; Value = "CF14JT4K70CT-ND"; VariantName = "[No Variations]"
Added Component: Designator=R3(AXIAL-0.4)
Add component (AddParameter): Name = "Alternative"; Value = "Acceptable"; VariantName = "[No Variations]"
Add component (AddParameter): Name = "Manufacturer"; Value = "Stackpole Electronics Inc"; VariantName = "[No Variations]"
Add component (AddParameter): Name = "PartNumber"; Value = "CF14JT4K70"; VariantName = "[No Variations]"
Add component (AddParameter): Name = "Supplier 1"; Value = "Digi-Key"; VariantName = "[No Variations]"
Add component (AddParameter): Name = "Supplier Part Number 1"; Value = "CF14JT4K70CT-ND"; VariantName = "[No Variations]"
Added Component: Designator=R4(Axial-0.4)
Add component (AddParameter): Name = "Manufacturer"; Value = "Yageo"; VariantName = "[No Variations]"
Add component (AddParameter): Name = "PartNumber"; Value = "CFR-25JB-52-4K7"; VariantName = "[No Variations]"
Add component (AddParameter): Name = "Supplier 1"; Value = "Digi-Key"; VariantName = "[No Variations]"
Add component (AddParameter): Name = "Supplier Part Number 1"; Value = "4.7KQBK-ND"; VariantName = "[No Variations]"
Added Component: Designator=R5(Axial-0.4)
Add component (AddParameter): Name = "Manufacturer"; Value = "Yageo"; VariantName = "[No Variations]"
Add component (AddParameter): Name = "PartNumber"; Value = "CFR-25JB-52-4K7"; VariantName = "[No Variations]"
Add component (AddParameter): Name = "Supplier 1"; Value = "Digi-Key"; VariantName = "[No Variations]"
Add component (AddParameter): Name = "Supplier Part Number 1"; Value = "4.7KQBK-ND"; VariantName = "[No Variations]"
Added Component: Designator=R6(AXIAL-0.4)
Add component (AddParameter): Name = "Alternative"; Value = "Acceptable"; VariantName = "[No Variations]"
Add component (AddParameter): Name = "Manufacturer"; Value = "Stackpole Electronics Inc"; VariantName = "[No Variations]"
Add component (AddParameter): Name = "PartNumber"; Value = "CF14JT470R"; VariantName = "[No Variations]"
Add component (AddParameter): Name = "Supplier 1"; Value = "Digi-Key"; VariantName = "[No Variations]"
Add component (AddParameter): Name = "Supplier Part Number 1"; Value = "CF14JT470RCT-ND"; VariantName = "[No Variations]"
Added Component: Designator=R7(AXIAL-0.4)
Add component (AddParameter): Name = "Alternative"; Value = "Acceptable"; VariantName = "[No Variations]"
Add component (AddParameter): Name = "Manufacturer"; Value = "Stackpole Electronics Inc"; VariantName = "[No Variations]"
Add component (AddParameter): Name = "PartNumber"; Value = "CF14JT470R"; VariantName = "[No Variations]"
Add component (AddParameter): Name = "Supplier 1"; Value = "Digi-Key"; VariantName = "[No Variations]"
Add component (AddParameter): Name = "Supplier Part Number 1"; Value = "CF14JT470RCT-ND"; VariantName = "[No Variations]"
Added Component: Designator=S1(Arduino nano)
Added Component: Designator=T1(DIP-8)
Add component (AddParameter): Name = "Alternative"; Value = ""; VariantName = "[No Variations]"
Add component (AddParameter): Name = "Manufacturer"; Value = "Microchip"; VariantName = "[No Variations]"
Add component (AddParameter): Name = "PartNumber"; Value = "MCP2562-E/P"; VariantName = "[No Variations]"
Add component (AddParameter): Name = "Supplier 1"; Value = "Digi-Key"; VariantName = "[No Variations]"
Add component (AddParameter): Name = "Supplier Part Number 1"; Value = "MCP2562-E/P-ND"; VariantName = "[No Variations]"
Added Component: Designator=U1(DIP16)
Added Component: Designator=U2(SOIC-8)
Add component (AddParameter): Name = "Alternative"; Value = ""; VariantName = "[No Variations]"
Add component (AddParameter): Name = "Manufacturer"; Value = "Microchip Technology"; VariantName = "[No Variations]"
Add component (AddParameter): Name = "PartNumber"; Value = "ATECC608A-SSHDA-T"; VariantName = "[No Variations]"
Add component (AddParameter): Name = "Supplier 1"; Value = "Digi-Key"; VariantName = "[No Variations]"
Add component (AddParameter): Name = "Supplier Part Number 1"; Value = "ATECC608A-SSHDA-TCT-ND"; VariantName = "[No Variations]"
Added Component: Designator=U3(OKI-78SR)
Add component (AddParameter): Name = "Manufacturer"; Value = "Murata Power Solutions Inc."; VariantName = "[No Variations]"
Add component (AddParameter): Name = "PartNumber"; Value = "OKI-78SR-5/1.5-W36H-C"; VariantName = "[No Variations]"
Add component (AddParameter): Name = "Supplier 1"; Value = "Digi-Key"; VariantName = "[No Variations]"
Add component (AddParameter): Name = "Supplier Part Number 1"; Value = "811-2692-ND"; VariantName = "[No Variations]"
Added Component: Designator=Z1(DIODE-0.7)
Add component (AddParameter): Name = "Manufacturer"; Value = "Littelfuse Inc."; VariantName = "[No Variations]"
Add component (AddParameter): Name = "PartNumber"; Value = "TP1.5KE30CA"; VariantName = "[No Variations]"
Add component (AddParameter): Name = "Supplier 1"; Value = "Digi-Key"; VariantName = "[No Variations]"
Add component (AddParameter): Name = "Supplier Part Number 1"; Value = "F7610CT-ND"; VariantName = "[No Variations]"
Added Pin To Net: NetName=GND Pin=C1-1
Added Pin To Net: NetName=3V3 Pin=C1-2
Added Pin To Net: NetName=GND Pin=C2-1
Added Pin To Net: NetName=+5 Pin=C2-2
Added Pin To Net: NetName=GND Pin=C3-1
Added Pin To Net: NetName=3V3 Pin=C3-2
Added Pin To Net: NetName=GND Pin=C4-1
Added Pin To Net: NetName=12V0 Pin=C4-2
Added Pin To Net: NetName=12V0 Pin=C5-1
Added Pin To Net: NetName=GND Pin=C5-2
Added Pin To Net: NetName=NetC6_1 Pin=C6-1
Added Pin To Net: NetName=GND Pin=C6-2
Added Pin To Net: NetName=GND Pin=C7-1
Added Pin To Net: NetName=NetC6_1 Pin=C7-2
Added Pin To Net: NetName=NetD1_1 Pin=D1-1
Added Pin To Net: NetName=NetD1_2 Pin=D1-2
Added Pin To Net: NetName=NetD2_1 Pin=D2-1
Added Pin To Net: NetName=NetD2_2 Pin=D2-2
Added Pin To Net: NetName=NetD3_1 Pin=D3-1
Added Pin To Net: NetName=NetD3_2 Pin=D3-2
Added Pin To Net: NetName=NetC6_1 Pin=J1-1
Added Pin To Net: NetName=NetJ1_2 Pin=J1-2
Added Pin To Net: NetName=NetJ1_3 Pin=J1-3
Added Pin To Net: NetName=NetJ1_4 Pin=J1-4
Added Pin To Net: NetName=NetD1_2 Pin=J1-5
Added Pin To Net: NetName=NetJ2_1 Pin=J2-1
Added Pin To Net: NetName=NetD3_2 Pin=J2-2
Added Pin To Net: NetName=NetD1_2 Pin=J2-3
Added Pin To Net: NetName=GND Pin=J2-6
Added Pin To Net: NetName=GND Pin=J2-7
Added Pin To Net: NetName=RAW Pin=J2-8
Added Pin To Net: NetName=NetJ2_9 Pin=J2-9
Added Pin To Net: NetName=NetJ2_12 Pin=J2-12
Added Pin To Net: NetName=NetJ2_13 Pin=J2-13
Added Pin To Net: NetName=RAW Pin=L1-1
Added Pin To Net: NetName=NetD2_1 Pin=L1-2
Added Pin To Net: NetName=NetP1_1 Pin=P1-1
Added Pin To Net: NetName=NetP1_2 Pin=P1-2
Added Pin To Net: NetName=NetP1_3 Pin=P1-3
Added Pin To Net: NetName=NetP1_4 Pin=P1-4
Added Pin To Net: NetName=NetJ2_9 Pin=P1-5
Added Pin To Net: NetName=NetJ2_1 Pin=P1-6
Added Pin To Net: NetName=NetP2_1 Pin=P2-1
Added Pin To Net: NetName=NetP2_2 Pin=P2-2
Added Pin To Net: NetName=NetJ2_13 Pin=P3-1
Added Pin To Net: NetName=NetJ2_12 Pin=P3-2
Added Pin To Net: NetName=NetP4_1 Pin=P4-1
Added Pin To Net: NetName=NetP4_2 Pin=P4-2
Added Pin To Net: NetName=NetD2_2 Pin=PTC1-1
Added Pin To Net: NetName=12V0 Pin=PTC1-2
Added Pin To Net: NetName=3V3 Pin=R1-1
Added Pin To Net: NetName=NetP4_2 Pin=R1-2
Added Pin To Net: NetName=3V3 Pin=R2-1
Added Pin To Net: NetName=NetP4_1 Pin=R2-2
Added Pin To Net: NetName=NetR3_1 Pin=R3-1
Added Pin To Net: NetName=GND Pin=R3-2
Added Pin To Net: NetName=NetR4_1 Pin=R4-1
Added Pin To Net: NetName=3V3 Pin=R4-2
Added Pin To Net: NetName=NetR5_1 Pin=R5-1
Added Pin To Net: NetName=3V3 Pin=R5-2
Added Pin To Net: NetName=NetC6_1 Pin=R6-1
Added Pin To Net: NetName=NetD1_1 Pin=R6-2
Added Pin To Net: NetName=NetC6_1 Pin=R7-1
Added Pin To Net: NetName=NetD3_1 Pin=R7-2
Added Pin To Net: NetName=GND Pin=S1-3
Added Pin To Net: NetName=NetP2_1 Pin=S1-4
Added Pin To Net: NetName=NetR5_1 Pin=S1-5
Added Pin To Net: NetName=NetP4_1 Pin=S1-6
Added Pin To Net: NetName=NetP4_2 Pin=S1-7
Added Pin To Net: NetName=NetR3_1 Pin=S1-8
Added Pin To Net: NetName=NetP2_2 Pin=S1-12
Added Pin To Net: NetName=3V3 Pin=S1-16
Added Pin To Net: NetName=NetP1_1 Pin=S1-18
Added Pin To Net: NetName=NetP1_2 Pin=S1-19
Added Pin To Net: NetName=NetP1_3 Pin=S1-20
Added Pin To Net: NetName=NetP1_4 Pin=S1-21
Added Pin To Net: NetName=NetR4_1 Pin=S1-23
Added Pin To Net: NetName=NetS1_24 Pin=S1-24
Added Pin To Net: NetName=+5 Pin=S1-26
Added Pin To Net: NetName=GND Pin=S1-28
Added Pin To Net: NetName=NetC6_1 Pin=S1-29
Added Pin To Net: NetName=NetP2_1 Pin=T1-1
Added Pin To Net: NetName=GND Pin=T1-2
Added Pin To Net: NetName=+5 Pin=T1-3
Added Pin To Net: NetName=NetP2_2 Pin=T1-4
Added Pin To Net: NetName=3V3 Pin=T1-5
Added Pin To Net: NetName=NetJ2_12 Pin=T1-6
Added Pin To Net: NetName=NetJ2_13 Pin=T1-7
Added Pin To Net: NetName=NetR3_1 Pin=T1-8
Added Pin To Net: NetName=NetP1_1 Pin=U1-1
Added Pin To Net: NetName=NetP1_2 Pin=U1-2
Added Pin To Net: NetName=NetP1_3 Pin=U1-3
Added Pin To Net: NetName=NetP1_4 Pin=U1-4
Added Pin To Net: NetName=NetS1_24 Pin=U1-5
Added Pin To Net: NetName=NetJ2_9 Pin=U1-6
Added Pin To Net: NetName=NetJ2_1 Pin=U1-7
Added Pin To Net: NetName=GND Pin=U1-8
Added Pin To Net: NetName=NetC6_1 Pin=U1-9
Added Pin To Net: NetName=NetR4_1 Pin=U1-10
Added Pin To Net: NetName=NetR5_1 Pin=U1-11
Added Pin To Net: NetName=NetD3_2 Pin=U1-12
Added Pin To Net: NetName=NetD1_2 Pin=U1-13
Added Pin To Net: NetName=NetJ1_4 Pin=U1-14
Added Pin To Net: NetName=NetJ1_3 Pin=U1-15
Added Pin To Net: NetName=NetJ1_2 Pin=U1-16
Added Pin To Net: NetName=GND Pin=U2-4
Added Pin To Net: NetName=NetP4_2 Pin=U2-5
Added Pin To Net: NetName=NetP4_1 Pin=U2-6
Added Pin To Net: NetName=3V3 Pin=U2-8
Added Pin To Net: NetName=12V0 Pin=U3-1
Added Pin To Net: NetName=GND Pin=U3-2
Added Pin To Net: NetName=NetC6_1 Pin=U3-3
Added Pin To Net: NetName=GND Pin=Z1-1
Added Pin To Net: NetName=12V0 Pin=Z1-2
Added Member To Class: ClassName=STM32f042_schematic Member=Component C1 0.1uF
Added Member To Class: ClassName=STM32f042_schematic Member=Component C2 0.1uF
Added Member To Class: ClassName=STM32f042_schematic Member=Component C3 0.1uF
Added Member To Class: ClassName=STM32f042_schematic Member=Component C4 0.1uF
Added Member To Class: ClassName=STM32f042_schematic Member=Component C5 220uF
Added Member To Class: ClassName=STM32f042_schematic Member=Component C6 220uF
Added Member To Class: ClassName=STM32f042_schematic Member=Component C7 0.1uF
Added Member To Class: ClassName=STM32f042_schematic Member=Component D1 Green
Added Member To Class: ClassName=STM32f042_schematic Member=Component D2 STPS2150
Added Member To Class: ClassName=STM32f042_schematic Member=Component D3 Red
Added Member To Class: ClassName=STM32f042_schematic Member=Component J1 Molex 39-30-3056
Added Member To Class: ClassName=STM32f042_schematic Member=Component J2 Vehicle Interface
Added Member To Class: ClassName=STM32f042_schematic Member=Component L1 Inductor B82134
Added Member To Class: ClassName=STM32f042_schematic Member=Component P1 Header 6
Added Member To Class: ClassName=STM32f042_schematic Member=Component P2 Header 2
Added Member To Class: ClassName=STM32f042_schematic Member=Component P3 Header 2
Added Member To Class: ClassName=STM32f042_schematic Member=Component P4 Header 2
Added Member To Class: ClassName=STM32f042_schematic Member=Component PTC1 RKEF075
Added Member To Class: ClassName=STM32f042_schematic Member=Component R1 4.7k
Added Member To Class: ClassName=STM32f042_schematic Member=Component R2 4.7k
Added Member To Class: ClassName=STM32f042_schematic Member=Component R3 4.7k
Added Member To Class: ClassName=STM32f042_schematic Member=Component R4 4.7k
Added Member To Class: ClassName=STM32f042_schematic Member=Component R5 4.7k
Added Member To Class: ClassName=STM32f042_schematic Member=Component R6 470
Added Member To Class: ClassName=STM32f042_schematic Member=Component R7 470
Added Member To Class: ClassName=STM32f042_schematic Member=Component S1 ArduinoNano
Added Member To Class: ClassName=STM32f042_schematic Member=Component T1 MCP2562
Added Member To Class: ClassName=STM32f042_schematic Member=Component U1 UQL2003AN
Added Member To Class: ClassName=STM32f042_schematic Member=Component U2 ATECC608A
Added Member To Class: ClassName=STM32f042_schematic Member=Component U3 OKI-78SR
Added Member To Class: ClassName=STM32f042_schematic Member=Component Z1 TP1.5KE30CA
Added Room: Name=STM32f042_schematic
