Removed Pin From Net: NetName=NetJ1_5 Pin=S1-29
Removed Pin From Net: NetName=NetJ1_5 Pin=U1-9
Removed Pin From Net: NetName=NetJ1_4 Pin=U1-13
Removed Pin From Net: NetName=NetJ1_3 Pin=U1-14
Removed Pin From Net: NetName=NetJ1_2 Pin=U1-15
Removed Pin From Net: NetName=NetJ1_1 Pin=U1-16
Added Pin To Net: NetName=NetJ1_5 Pin=J2-3
Added Pin To Net: NetName=GND Pin=J2-6
Added Pin To Net: NetName=GND Pin=J2-7
Added Pin To Net: NetName=NetJ1_1 Pin=S1-29
Added Pin To Net: NetName=NetJ1_1 Pin=U1-9
Added Pin To Net: NetName=NetJ1_5 Pin=U1-13
Added Pin To Net: NetName=NetJ1_4 Pin=U1-14
Added Pin To Net: NetName=NetJ1_3 Pin=U1-15
Added Pin To Net: NetName=NetJ1_2 Pin=U1-16
Added Pin To Net: NetName=NetJ2_1 Pin=J2-1
Added Pin To Net: NetName=NetJ2_1 Pin=S1-23
Added Pin To Net: NetName=NetJ2_1 Pin=U1-7
Added Net: Name=NetJ2_1
Added Pin To Net: NetName=NetJ2_2 Pin=J2-2
Added Pin To Net: NetName=NetJ2_2 Pin=U1-12
Added Net: Name=NetJ2_2
Added Pin To Net: NetName=NetJ2_9 Pin=J2-9
Added Pin To Net: NetName=NetJ2_9 Pin=S1-5
Added Pin To Net: NetName=NetJ2_9 Pin=U1-6
Added Net: Name=NetJ2_9
