Removed Pin From Net: NetName=SCL0 Pin=P3-1
Removed Pin From Net: NetName=SDA0 Pin=P3-2
Added Component: Designator=C?(CAPR5-4X5)
Add component (AddParameter): Name = "Manufacturer"; Value = "Vishay BC Components"; VariantName = "[No Variations]"
Add component (AddParameter): Name = "PartNumber"; Value = "K104K20X7RH53H5"; VariantName = "[No Variations]"
Add component (AddParameter): Name = "Supplier 1"; Value = "Digi-Key"; VariantName = "[No Variations]"
Add component (AddParameter): Name = "Supplier Part Number 1"; Value = "BC5139-ND"; VariantName = "[No Variations]"
Added Component: Designator=C?(CAPR5-4X5)
Add component (AddParameter): Name = "Manufacturer"; Value = "Vishay BC Components"; VariantName = "[No Variations]"
Add component (AddParameter): Name = "PartNumber"; Value = "K104K20X7RH53H5"; VariantName = "[No Variations]"
Add component (AddParameter): Name = "Supplier 1"; Value = "Digi-Key"; VariantName = "[No Variations]"
Add component (AddParameter): Name = "Supplier Part Number 1"; Value = "BC5139-ND"; VariantName = "[No Variations]"
Added Component: Designator=C?(Elec. Cap 5 x 10mm)
Add component (AddParameter): Name = "Manufacturer"; Value = "EPCOS (TDK)"; VariantName = "[No Variations]"
Add component (AddParameter): Name = "PartNumber"; Value = "B41858C6227M000"; VariantName = "[No Variations]"
Add component (AddParameter): Name = "Supplier 1"; Value = "Digi-Key"; VariantName = "[No Variations]"
Add component (AddParameter): Name = "Supplier Part Number 1"; Value = "495-6000-ND"; VariantName = "[No Variations]"
Added Component: Designator=C?(Elec. Cap 5 x 10mm)
Add component (AddParameter): Name = "Manufacturer"; Value = "EPCOS (TDK)"; VariantName = "[No Variations]"
Add component (AddParameter): Name = "PartNumber"; Value = "B41858C6227M000"; VariantName = "[No Variations]"
Add component (AddParameter): Name = "Supplier 1"; Value = "Digi-Key"; VariantName = "[No Variations]"
Add component (AddParameter): Name = "Supplier Part Number 1"; Value = "495-6000-ND"; VariantName = "[No Variations]"
Added Component: Designator=D?(DO-41)
Add component (AddParameter): Name = "Manufacturer"; Value = "STMicroelectronics"; VariantName = "[No Variations]"
Add component (AddParameter): Name = "PartNumber"; Value = "STPS2150"; VariantName = "[No Variations]"
Add component (AddParameter): Name = "Supplier 1"; Value = "Digi-Key"; VariantName = "[No Variations]"
Add component (AddParameter): Name = "Supplier Part Number 1"; Value = "497-3213-1-ND"; VariantName = "[No Variations]"
Added Component: Designator=D?(5mm Rad LED)
Add component (AddParameter): Name = "Alternative"; Value = ""; VariantName = "[No Variations]"
Add component (AddParameter): Name = "Manufacturer"; Value = "Lite-On Inc."; VariantName = "[No Variations]"
Add component (AddParameter): Name = "PartNumber"; Value = "LTL-4233"; VariantName = "[No Variations]"
Add component (AddParameter): Name = "Supplier 1"; Value = "Digi-Key"; VariantName = "[No Variations]"
Add component (AddParameter): Name = "Supplier Part Number 1"; Value = "160-1130-ND"; VariantName = "[No Variations]"
Added Component: Designator=D?(5mm Rad LED)
Add component (AddParameter): Name = "Alternative"; Value = ""; VariantName = "[No Variations]"
Add component (AddParameter): Name = "Manufacturer"; Value = "Lite-On Inc."; VariantName = "[No Variations]"
Add component (AddParameter): Name = "PartNumber"; Value = "LTL-4223"; VariantName = "[No Variations]"
Add component (AddParameter): Name = "Supplier 1"; Value = "Digi-Key"; VariantName = "[No Variations]"
Add component (AddParameter): Name = "Supplier Part Number 1"; Value = "160-1127-ND"; VariantName = "[No Variations]"
Added Component: Designator=L?(AXIAL-0.9)
Add component (AddParameter): Name = "Manufacturer"; Value = "TDK Electronics Inc."; VariantName = "[No Variations]"
Add component (AddParameter): Name = "PartNumber"; Value = "B82134A5701M000"; VariantName = "[No Variations]"
Add component (AddParameter): Name = "Supplier 1"; Value = "Digi-Key"; VariantName = "[No Variations]"
Add component (AddParameter): Name = "Supplier Part Number 1"; Value = "495-76036-1-ND"; VariantName = "[No Variations]"
Added Component: Designator=P?(HDR1X2)
Add component (AddParameter): Name = "LatestRevisionDate"; Value = "17-Jul-2002"; VariantName = "[No Variations]"
Add component (AddParameter): Name = "LatestRevisionNote"; Value = "Re-released for DXP Platform."; VariantName = "[No Variations]"
Add component (AddParameter): Name = "Publisher"; Value = "Altium Limited"; VariantName = "[No Variations]"
Added Component: Designator=PTC?(PTC)
Add component (AddParameter): Name = "Manufacturer"; Value = "Littelfuse Inc."; VariantName = "[No Variations]"
Add component (AddParameter): Name = "PartNumber"; Value = "RKEF075"; VariantName = "[No Variations]"
Add component (AddParameter): Name = "Supplier 1"; Value = "Digi-Key"; VariantName = "[No Variations]"
Add component (AddParameter): Name = "Supplier Part Number 1"; Value = "RKEF075HF-ND"; VariantName = "[No Variations]"
Added Component: Designator=R?(AXIAL-0.4)
Add component (AddParameter): Name = "Alternative"; Value = "Acceptable"; VariantName = "[No Variations]"
Add component (AddParameter): Name = "Manufacturer"; Value = "Stackpole Electronics Inc"; VariantName = "[No Variations]"
Add component (AddParameter): Name = "PartNumber"; Value = "CF14JT470R"; VariantName = "[No Variations]"
Add component (AddParameter): Name = "Supplier 1"; Value = "Digi-Key"; VariantName = "[No Variations]"
Add component (AddParameter): Name = "Supplier Part Number 1"; Value = "CF14JT470RCT-ND"; VariantName = "[No Variations]"
Added Component: Designator=R?(AXIAL-0.4)
Add component (AddParameter): Name = "Alternative"; Value = "Acceptable"; VariantName = "[No Variations]"
Add component (AddParameter): Name = "Manufacturer"; Value = "Stackpole Electronics Inc"; VariantName = "[No Variations]"
Add component (AddParameter): Name = "PartNumber"; Value = "CF14JT470R"; VariantName = "[No Variations]"
Add component (AddParameter): Name = "Supplier 1"; Value = "Digi-Key"; VariantName = "[No Variations]"
Add component (AddParameter): Name = "Supplier Part Number 1"; Value = "CF14JT470RCT-ND"; VariantName = "[No Variations]"
Added Component: Designator=U?(OKI-78SR)
Add component (AddParameter): Name = "Manufacturer"; Value = "Murata Power Solutions Inc."; VariantName = "[No Variations]"
Add component (AddParameter): Name = "PartNumber"; Value = "OKI-78SR-5/1.5-W36H-C"; VariantName = "[No Variations]"
Add component (AddParameter): Name = "Supplier 1"; Value = "Digi-Key"; VariantName = "[No Variations]"
Add component (AddParameter): Name = "Supplier Part Number 1"; Value = "811-2692-ND"; VariantName = "[No Variations]"
Added Component: Designator=Z?(DIODE-0.7)
Add component (AddParameter): Name = "Manufacturer"; Value = "Littelfuse Inc."; VariantName = "[No Variations]"
Add component (AddParameter): Name = "PartNumber"; Value = "TP1.5KE30CA"; VariantName = "[No Variations]"
Add component (AddParameter): Name = "Supplier 1"; Value = "Digi-Key"; VariantName = "[No Variations]"
Add component (AddParameter): Name = "Supplier Part Number 1"; Value = "F7610CT-ND"; VariantName = "[No Variations]"
Added Pin To Net: NetName=GND Pin=C?-1
Added Pin To Net: NetName=GND Pin=C?-1
Added Pin To Net: NetName=GND Pin=C?-2
Added Pin To Net: NetName=GND Pin=C?-2
Added Pin To Net: NetName=PWM1_OUT4 Pin=D?-2
Added Pin To Net: NetName=SCL0 Pin=P?-1
Added Pin To Net: NetName=SDA0 Pin=P?-2
Added Pin To Net: NetName=VIN Pin=R?-1
Added Pin To Net: NetName=VIN Pin=R?-1
Added Pin To Net: NetName=GND Pin=U?-2
Added Pin To Net: NetName=GND Pin=Z?-1
Change Net Name : Old Net Name=PWM1 New Net Name=NetP1_1
Change Net Name : Old Net Name=PWM1_OUT1 New Net Name=NetJ1_2
Change Net Name : Old Net Name=PWM1_OUT2 New Net Name=NetJ1_3
Change Net Name : Old Net Name=PWM1_OUT3 New Net Name=NetJ1_4
Change Net Name : Old Net Name=PWM1_OUT4 New Net Name=NetD?_2
Change Net Name : Old Net Name=PWM1_OUT6 New Net Name=NetR5_1
Change Net Name : Old Net Name=PWM1_OUT7 New Net Name=NetR4_1
Change Net Name : Old Net Name=PWM2 New Net Name=NetP1_2
Change Net Name : Old Net Name=PWM3 New Net Name=NetP1_3
Change Net Name : Old Net Name=PWM4 New Net Name=NetP1_4
Change Net Name : Old Net Name=PWM5 New Net Name=NetS1_24
Change Net Name : Old Net Name=PWM6 New Net Name=NetJ2_9
Change Net Name : Old Net Name=PWM7 New Net Name=NetJ2_1
Change Net Name : Old Net Name=RXCAN1 New Net Name=NetP2_2
Change Net Name : Old Net Name=SCL0 New Net Name=NetP?_1
Change Net Name : Old Net Name=SDA0 New Net Name=NetP?_2
Change Net Name : Old Net Name=Silent New Net Name=NetR3_1
Change Net Name : Old Net Name=TXCAN1 New Net Name=NetP2_1
Change Net Name : Old Net Name=VIN New Net Name=NetJ1_1
Added Pin To Net: NetName=5V0 Pin=C?-1
Added Pin To Net: NetName=5V0 Pin=C?-2
Added Pin To Net: NetName=5V0 Pin=U?-3
Added Net: Name=5V0
Added Pin To Net: NetName=12V0 Pin=C?-1
Added Pin To Net: NetName=12V0 Pin=C?-2
Added Pin To Net: NetName=12V0 Pin=PTC?-2
Added Pin To Net: NetName=12V0 Pin=U?-1
Added Pin To Net: NetName=12V0 Pin=Z?-2
Added Net: Name=12V0
Added Pin To Net: NetName=NetD?_1 Pin=D?-1
Added Pin To Net: NetName=NetD?_1 Pin=L?-2
Added Net: Name=NetD?_1
Added Pin To Net: NetName=NetJ2_12 Pin=J2-12
Added Pin To Net: NetName=NetJ2_12 Pin=P3-2
Added Pin To Net: NetName=NetJ2_12 Pin=T1-6
Added Net: Name=NetJ2_12
Added Pin To Net: NetName=NetJ2_13 Pin=J2-13
Added Pin To Net: NetName=NetJ2_13 Pin=P3-1
Added Pin To Net: NetName=NetJ2_13 Pin=T1-7
Added Net: Name=NetJ2_13
Added Pin To Net: NetName=RAW Pin=L?-1
Added Net: Name=RAW
Added Member To Class: ClassName=STM32f042_schematic Member=Component C? 0.1uF
Added Member To Class: ClassName=STM32f042_schematic Member=Component C? 0.1uF
Added Member To Class: ClassName=STM32f042_schematic Member=Component C? 220uF
Added Member To Class: ClassName=STM32f042_schematic Member=Component C? 220uF
Added Member To Class: ClassName=STM32f042_schematic Member=Component D? STPS2150
Added Member To Class: ClassName=STM32f042_schematic Member=Component D? Green
Added Member To Class: ClassName=STM32f042_schematic Member=Component D? Red
Added Member To Class: ClassName=STM32f042_schematic Member=Component L? Inductor B82134
Added Member To Class: ClassName=STM32f042_schematic Member=Component P? Header 2
Added Member To Class: ClassName=STM32f042_schematic Member=Component PTC? RKEF075
Added Member To Class: ClassName=STM32f042_schematic Member=Component R? 470
Added Member To Class: ClassName=STM32f042_schematic Member=Component R? 470
Added Member To Class: ClassName=STM32f042_schematic Member=Component U? OKI-78SR
Added Member To Class: ClassName=STM32f042_schematic Member=Component Z? TP1.5KE30CA
